# JRE version: Java(TM) SE Runtime Environment (8.0_31-b13) (build 1.8.0_31-b13)
# Java VM: Java HotSpot(TM) 64-Bit Server VM (25.31-b07 mixed mode windows-amd64 compressed oops)
Heap:
 PSYoungGen      total 333312K, used 140020K [0x000000076b700000, 0x0000000784e00000, 0x00000007c0000000)
  eden space 320000K, 43% used [0x000000076b700000,0x0000000773fbd160,0x000000077ef80000)
  from space 13312K, 0% used [0x000000077ef80000,0x000000077ef80000,0x000000077fc80000)
  to   space 15872K, 0% used [0x0000000783e80000,0x0000000783e80000,0x0000000784e00000)
 ParOldGen       total 211968K, used 26328K [0x00000006c2400000, 0x00000006cf300000, 0x000000076b700000)
  object space 211968K, 12% used [0x00000006c2400000,0x00000006c3db6328,0x00000006cf300000)
 Metaspace       used 63200K, capacity 65982K, committed 66048K, reserved 1105920K
  class space    used 8492K, capacity 8906K, committed 8960K, reserved 1048576K
GC Heap History (10 events):
Event: 10.282 GC heap before
{Heap before GC invocations=8 (full 1):
 PSYoungGen      total 211968K, used 70172K [0x000000076b700000, 0x0000000779300000, 0x00000007c0000000)
  eden space 203776K, 30% used [0x000000076b700000,0x000000076f387ac8,0x0000000777e00000)
  from space 8192K, 99% used [0x0000000778900000,0x00000007790ff730,0x0000000779100000)
  to   space 10752K, 0% used [0x0000000777e00000,0x0000000777e00000,0x0000000778880000)
 ParOldGen       total 96256K, used 9119K [0x00000006c2400000, 0x00000006c8200000, 0x000000076b700000)
  object space 96256K, 9% used [0x00000006c2400000,0x00000006c2ce7c90,0x00000006c8200000)
 Metaspace       used 33825K, capacity 35282K, committed 35416K, reserved 1081344K
  class space    used 4272K, capacity 4552K, committed 4608K, reserved 1048576K
Event: 10.296 GC heap after
Heap after GC invocations=8 (full 1):
 PSYoungGen      total 214528K, used 9043K [0x000000076b700000, 0x0000000780980000, 0x00000007c0000000)
  eden space 203776K, 0% used [0x000000076b700000,0x000000076b700000,0x0000000777e00000)
  from space 10752K, 84% used [0x0000000777e00000,0x00000007786d4e28,0x0000000778880000)
  to   space 11264K, 0% used [0x000000077fe80000,0x000000077fe80000,0x0000000780980000)
 ParOldGen       total 96256K, used 9127K [0x00000006c2400000, 0x00000006c8200000, 0x000000076b700000)
  object space 96256K, 9% used [0x00000006c2400000,0x00000006c2ce9c90,0x00000006c8200000)
 Metaspace       used 33825K, capacity 35282K, committed 35416K, reserved 1081344K
  class space    used 4272K, capacity 4552K, committed 4608K, reserved 1048576K
}
Event: 10.296 GC heap before
{Heap before GC invocations=9 (full 2):
 PSYoungGen      total 214528K, used 9043K [0x000000076b700000, 0x0000000780980000, 0x00000007c0000000)
  eden space 203776K, 0% used [0x000000076b700000,0x000000076b700000,0x0000000777e00000)
  from space 10752K, 84% used [0x0000000777e00000,0x00000007786d4e28,0x0000000778880000)
  to   space 11264K, 0% used [0x000000077fe80000,0x000000077fe80000,0x0000000780980000)
 ParOldGen       total 96256K, used 9127K [0x00000006c2400000, 0x00000006c8200000, 0x000000076b700000)
  object space 96256K, 9% used [0x00000006c2400000,0x00000006c2ce9c90,0x00000006c8200000)
 Metaspace       used 33825K, capacity 35282K, committed 35416K, reserved 1081344K
  class space    used 4272K, capacity 4552K, committed 4608K, reserved 1048576K
Event: 10.394 GC heap after
Heap after GC invocations=9 (full 2):
 PSYoungGen      total 214528K, used 0K [0x000000076b700000, 0x0000000780980000, 0x00000007c0000000)
  eden space 203776K, 0% used [0x000000076b700000,0x000000076b700000,0x0000000777e00000)
  from space 10752K, 0% used [0x0000000777e00000,0x0000000777e00000,0x0000000778880000)
  to   space 11264K, 0% used [0x000000077fe80000,0x000000077fe80000,0x0000000780980000)
 ParOldGen       total 147968K, used 13530K [0x00000006c2400000, 0x00000006cb480000, 0x000000076b700000)
  object space 147968K, 9% used [0x00000006c2400000,0x00000006c3136940,0x00000006cb480000)
 Metaspace       used 33825K, capacity 35282K, committed 35416K, reserved 1081344K
  class space    used 4272K, capacity 4552K, committed 4608K, reserved 1048576K
}
Event: 14.019 GC heap before
{Heap before GC invocations=10 (full 2):
 PSYoungGen      total 214528K, used 203776K [0x000000076b700000, 0x0000000780980000, 0x00000007c0000000)
  eden space 203776K, 100% used [0x000000076b700000,0x0000000777e00000,0x0000000777e00000)
  from space 10752K, 0% used [0x0000000777e00000,0x0000000777e00000,0x0000000778880000)
  to   space 11264K, 0% used [0x000000077fe80000,0x000000077fe80000,0x0000000780980000)
 ParOldGen       total 147968K, used 13530K [0x00000006c2400000, 0x00000006cb480000, 0x000000076b700000)
  object space 147968K, 9% used [0x00000006c2400000,0x00000006c3136940,0x00000006cb480000)
 Metaspace       used 46736K, capacity 48340K, committed 48768K, reserved 1091584K
  class space    used 6121K, capacity 6403K, committed 6528K, reserved 1048576K
Event: 14.036 GC heap after
Heap after GC invocations=10 (full 2):
 PSYoungGen      total 313344K, used 11250K [0x000000076b700000, 0x0000000780980000, 0x00000007c0000000)
  eden space 302080K, 0% used [0x000000076b700000,0x000000076b700000,0x000000077de00000)
  from space 11264K, 99% used [0x000000077fe80000,0x000000078097c9e0,0x0000000780980000)
  to   space 13312K, 0% used [0x000000077ef80000,0x000000077ef80000,0x000000077fc80000)
 ParOldGen       total 147968K, used 15776K [0x00000006c2400000, 0x00000006cb480000, 0x000000076b700000)
  object space 147968K, 10% used [0x00000006c2400000,0x00000006c3368200,0x00000006cb480000)
 Metaspace       used 46736K, capacity 48340K, committed 48768K, reserved 1091584K
  class space    used 6121K, capacity 6403K, committed 6528K, reserved 1048576K
}
Event: 17.236 GC heap before
{Heap before GC invocations=11 (full 2):
 PSYoungGen      total 313344K, used 204262K [0x000000076b700000, 0x0000000780980000, 0x00000007c0000000)
  eden space 302080K, 63% used [0x000000076b700000,0x000000077737d020,0x000000077de00000)
  from space 11264K, 99% used [0x000000077fe80000,0x000000078097c9e0,0x0000000780980000)
  to   space 13312K, 0% used [0x000000077ef80000,0x000000077ef80000,0x000000077fc80000)
 ParOldGen       total 147968K, used 15776K [0x00000006c2400000, 0x00000006cb480000, 0x000000076b700000)
  object space 147968K, 10% used [0x00000006c2400000,0x00000006c3368200,0x00000006cb480000)
 Metaspace       used 56596K, capacity 58928K, committed 59008K, reserved 1099776K
  class space    used 7622K, capacity 8015K, committed 8064K, reserved 1048576K
Event: 17.262 GC heap after
Heap after GC invocations=11 (full 2):
 PSYoungGen      total 333312K, used 13301K [0x000000076b700000, 0x0000000784e00000, 0x00000007c0000000)
  eden space 320000K, 0% used [0x000000076b700000,0x000000076b700000,0x000000077ef80000)
  from space 13312K, 99% used [0x000000077ef80000,0x000000077fc7d5d0,0x000000077fc80000)
  to   space 15872K, 0% used [0x0000000783e80000,0x0000000783e80000,0x0000000784e00000)
 ParOldGen       total 147968K, used 17819K [0x00000006c2400000, 0x00000006cb480000, 0x000000076b700000)
  object space 147968K, 12% used [0x00000006c2400000,0x00000006c3566c00,0x00000006cb480000)
 Metaspace       used 56596K, capacity 58928K, committed 59008K, reserved 1099776K
  class space    used 7622K, capacity 8015K, committed 8064K, reserved 1048576K
}
Event: 17.262 GC heap before
{Heap before GC invocations=12 (full 3):
 PSYoungGen      total 333312K, used 13301K [0x000000076b700000, 0x0000000784e00000, 0x00000007c0000000)
  eden space 320000K, 0% used [0x000000076b700000,0x000000076b700000,0x000000077ef80000)
  from space 13312K, 99% used [0x000000077ef80000,0x000000077fc7d5d0,0x000000077fc80000)
  to   space 15872K, 0% used [0x0000000783e80000,0x0000000783e80000,0x0000000784e00000)
 ParOldGen       total 147968K, used 17819K [0x00000006c2400000, 0x00000006cb480000, 0x000000076b700000)
  object space 147968K, 12% used [0x00000006c2400000,0x00000006c3566c00,0x00000006cb480000)
 Metaspace       used 56596K, capacity 58928K, committed 59008K, reserved 1099776K
  class space    used 7622K, capacity 8015K, committed 8064K, reserved 1048576K
Event: 17.495 GC heap after
Heap after GC invocations=12 (full 3):
 PSYoungGen      total 333312K, used 0K [0x000000076b700000, 0x0000000784e00000, 0x00000007c0000000)
  eden space 320000K, 0% used [0x000000076b700000,0x000000076b700000,0x000000077ef80000)
  from space 13312K, 0% used [0x000000077ef80000,0x000000077ef80000,0x000000077fc80000)
  to   space 15872K, 0% used [0x0000000783e80000,0x0000000783e80000,0x0000000784e00000)
 ParOldGen       total 211968K, used 26328K [0x00000006c2400000, 0x00000006cf300000, 0x000000076b700000)
  object space 211968K, 12% used [0x00000006c2400000,0x00000006c3db6328,0x00000006cf300000)
 Metaspace       used 56596K, capacity 58928K, committed 59008K, reserved 1099776K
  class space    used 7622K, capacity 8015K, committed 8064K, reserved 1048576K
}

