# JRE version: Java(TM) SE Runtime Environment (8.0_31-b13) (build 1.8.0_31-b13)
# Java VM: Java HotSpot(TM) 64-Bit Server VM (25.31-b07 mixed mode windows-amd64 compressed oops)
Heap:
 PSYoungGen      total 333312K, used 164515K [0x000000076b700000, 0x0000000785f00000, 0x00000007c0000000)
  eden space 318976K, 51% used [0x000000076b700000,0x00000007757a8d70,0x000000077ee80000)
  from space 14336K, 0% used [0x000000077ee80000,0x000000077ee80000,0x000000077fc80000)
  to   space 17408K, 0% used [0x0000000784e00000,0x0000000784e00000,0x0000000785f00000)
 ParOldGen       total 210432K, used 28691K [0x00000006c2400000, 0x00000006cf180000, 0x000000076b700000)
  object space 210432K, 13% used [0x00000006c2400000,0x00000006c4004e40,0x00000006cf180000)
 Metaspace       used 62479K, capacity 65314K, committed 65536K, reserved 1105920K
  class space    used 8392K, capacity 8844K, committed 8960K, reserved 1048576K
GC Heap History (10 events):
Event: 8.004 GC heap before
{Heap before GC invocations=8 (full 1):
 PSYoungGen      total 207360K, used 63653K [0x000000076b700000, 0x0000000778f80000, 0x00000007c0000000)
  eden space 199168K, 27% used [0x000000076b700000,0x000000076ed30b38,0x0000000777980000)
  from space 8192K, 99% used [0x0000000778580000,0x0000000778d789e8,0x0000000778d80000)
  to   space 11264K, 0% used [0x0000000777980000,0x0000000777980000,0x0000000778480000)
 ParOldGen       total 97280K, used 9461K [0x00000006c2400000, 0x00000006c8300000, 0x000000076b700000)
  object space 97280K, 9% used [0x00000006c2400000,0x00000006c2d3d598,0x00000006c8300000)
 Metaspace       used 33847K, capacity 35248K, committed 35416K, reserved 1081344K
  class space    used 4267K, capacity 4515K, committed 4608K, reserved 1048576K
Event: 8.019 GC heap after
Heap after GC invocations=8 (full 1):
 PSYoungGen      total 210432K, used 8912K [0x000000076b700000, 0x0000000780a80000, 0x00000007c0000000)
  eden space 199168K, 0% used [0x000000076b700000,0x000000076b700000,0x0000000777980000)
  from space 11264K, 79% used [0x0000000777980000,0x00000007782340c8,0x0000000778480000)
  to   space 11264K, 0% used [0x000000077ff80000,0x000000077ff80000,0x0000000780a80000)
 ParOldGen       total 97280K, used 9469K [0x00000006c2400000, 0x00000006c8300000, 0x000000076b700000)
  object space 97280K, 9% used [0x00000006c2400000,0x00000006c2d3f598,0x00000006c8300000)
 Metaspace       used 33847K, capacity 35248K, committed 35416K, reserved 1081344K
  class space    used 4267K, capacity 4515K, committed 4608K, reserved 1048576K
}
Event: 8.019 GC heap before
{Heap before GC invocations=9 (full 2):
 PSYoungGen      total 210432K, used 8912K [0x000000076b700000, 0x0000000780a80000, 0x00000007c0000000)
  eden space 199168K, 0% used [0x000000076b700000,0x000000076b700000,0x0000000777980000)
  from space 11264K, 79% used [0x0000000777980000,0x00000007782340c8,0x0000000778480000)
  to   space 11264K, 0% used [0x000000077ff80000,0x000000077ff80000,0x0000000780a80000)
 ParOldGen       total 97280K, used 9469K [0x00000006c2400000, 0x00000006c8300000, 0x000000076b700000)
  object space 97280K, 9% used [0x00000006c2400000,0x00000006c2d3f598,0x00000006c8300000)
 Metaspace       used 33847K, capacity 35248K, committed 35416K, reserved 1081344K
  class space    used 4267K, capacity 4515K, committed 4608K, reserved 1048576K
Event: 8.091 GC heap after
Heap after GC invocations=9 (full 2):
 PSYoungGen      total 210432K, used 0K [0x000000076b700000, 0x0000000780a80000, 0x00000007c0000000)
  eden space 199168K, 0% used [0x000000076b700000,0x000000076b700000,0x0000000777980000)
  from space 11264K, 0% used [0x0000000777980000,0x0000000777980000,0x0000000778480000)
  to   space 11264K, 0% used [0x000000077ff80000,0x000000077ff80000,0x0000000780a80000)
 ParOldGen       total 144384K, used 12991K [0x00000006c2400000, 0x00000006cb100000, 0x000000076b700000)
  object space 144384K, 8% used [0x00000006c2400000,0x00000006c30aff10,0x00000006cb100000)
 Metaspace       used 33847K, capacity 35248K, committed 35416K, reserved 1081344K
  class space    used 4267K, capacity 4515K, committed 4608K, reserved 1048576K
}
Event: 10.933 GC heap before
{Heap before GC invocations=10 (full 2):
 PSYoungGen      total 210432K, used 199168K [0x000000076b700000, 0x0000000780a80000, 0x00000007c0000000)
  eden space 199168K, 100% used [0x000000076b700000,0x0000000777980000,0x0000000777980000)
  from space 11264K, 0% used [0x0000000777980000,0x0000000777980000,0x0000000778480000)
  to   space 11264K, 0% used [0x000000077ff80000,0x000000077ff80000,0x0000000780a80000)
 ParOldGen       total 144384K, used 12991K [0x00000006c2400000, 0x00000006cb100000, 0x000000076b700000)
  object space 144384K, 8% used [0x00000006c2400000,0x00000006c30aff10,0x00000006cb100000)
 Metaspace       used 46239K, capacity 47922K, committed 48384K, reserved 1091584K
  class space    used 6014K, capacity 6306K, committed 6400K, reserved 1048576K
Event: 10.948 GC heap after
Heap after GC invocations=10 (full 2):
 PSYoungGen      total 317952K, used 11250K [0x000000076b700000, 0x0000000780a80000, 0x00000007c0000000)
  eden space 306688K, 0% used [0x000000076b700000,0x000000076b700000,0x000000077e280000)
  from space 11264K, 99% used [0x000000077ff80000,0x0000000780a7ca40,0x0000000780a80000)
  to   space 14336K, 0% used [0x000000077ee80000,0x000000077ee80000,0x000000077fc80000)
 ParOldGen       total 144384K, used 17268K [0x00000006c2400000, 0x00000006cb100000, 0x000000076b700000)
  object space 144384K, 11% used [0x00000006c2400000,0x00000006c34dd3a8,0x00000006cb100000)
 Metaspace       used 46239K, capacity 47922K, committed 48384K, reserved 1091584K
  class space    used 6014K, capacity 6306K, committed 6400K, reserved 1048576K
}
Event: 13.892 GC heap before
{Heap before GC invocations=11 (full 2):
 PSYoungGen      total 317952K, used 197019K [0x000000076b700000, 0x0000000780a80000, 0x00000007c0000000)
  eden space 306688K, 60% used [0x000000076b700000,0x0000000776c6a208,0x000000077e280000)
  from space 11264K, 99% used [0x000000077ff80000,0x0000000780a7ca40,0x0000000780a80000)
  to   space 14336K, 0% used [0x000000077ee80000,0x000000077ee80000,0x000000077fc80000)
 ParOldGen       total 144384K, used 17268K [0x00000006c2400000, 0x00000006cb100000, 0x000000076b700000)
  object space 144384K, 11% used [0x00000006c2400000,0x00000006c34dd3a8,0x00000006cb100000)
 Metaspace       used 56592K, capacity 58910K, committed 59008K, reserved 1099776K
  class space    used 7614K, capacity 8020K, committed 8064K, reserved 1048576K
Event: 13.916 GC heap after
Heap after GC invocations=11 (full 2):
 PSYoungGen      total 333312K, used 14320K [0x000000076b700000, 0x0000000785f00000, 0x00000007c0000000)
  eden space 318976K, 0% used [0x000000076b700000,0x000000076b700000,0x000000077ee80000)
  from space 14336K, 99% used [0x000000077ee80000,0x000000077fc7c040,0x000000077fc80000)
  to   space 17408K, 0% used [0x0000000784e00000,0x0000000784e00000,0x0000000785f00000)
 ParOldGen       total 144384K, used 20710K [0x00000006c2400000, 0x00000006cb100000, 0x000000076b700000)
  object space 144384K, 14% used [0x00000006c2400000,0x00000006c3839820,0x00000006cb100000)
 Metaspace       used 56592K, capacity 58910K, committed 59008K, reserved 1099776K
  class space    used 7614K, capacity 8020K, committed 8064K, reserved 1048576K
}
Event: 13.916 GC heap before
{Heap before GC invocations=12 (full 3):
 PSYoungGen      total 333312K, used 14320K [0x000000076b700000, 0x0000000785f00000, 0x00000007c0000000)
  eden space 318976K, 0% used [0x000000076b700000,0x000000076b700000,0x000000077ee80000)
  from space 14336K, 99% used [0x000000077ee80000,0x000000077fc7c040,0x000000077fc80000)
  to   space 17408K, 0% used [0x0000000784e00000,0x0000000784e00000,0x0000000785f00000)
 ParOldGen       total 144384K, used 20710K [0x00000006c2400000, 0x00000006cb100000, 0x000000076b700000)
  object space 144384K, 14% used [0x00000006c2400000,0x00000006c3839820,0x00000006cb100000)
 Metaspace       used 56592K, capacity 58910K, committed 59008K, reserved 1099776K
  class space    used 7614K, capacity 8020K, committed 8064K, reserved 1048576K
Event: 14.169 GC heap after
Heap after GC invocations=12 (full 3):
 PSYoungGen      total 333312K, used 0K [0x000000076b700000, 0x0000000785f00000, 0x00000007c0000000)
  eden space 318976K, 0% used [0x000000076b700000,0x000000076b700000,0x000000077ee80000)
  from space 14336K, 0% used [0x000000077ee80000,0x000000077ee80000,0x000000077fc80000)
  to   space 17408K, 0% used [0x0000000784e00000,0x0000000784e00000,0x0000000785f00000)
 ParOldGen       total 210432K, used 28691K [0x00000006c2400000, 0x00000006cf180000, 0x000000076b700000)
  object space 210432K, 13% used [0x00000006c2400000,0x00000006c4004e40,0x00000006cf180000)
 Metaspace       used 56592K, capacity 58910K, committed 59008K, reserved 1099776K
  class space    used 7614K, capacity 8020K, committed 8064K, reserved 1048576K
}

